2025-12-11 18:18:34,838 - __main__ - INFO - 🚀 Starting Enhanced Retail Prediction Training
2025-12-11 18:18:34,838 - __main__ - INFO - ================================================================================
2025-12-11 18:18:34,838 - __main__ - INFO - 📁 Found 12 category datasets
2025-12-11 18:18:34,838 - __main__ - INFO - 
==================== Health_Personal_Care ====================
2025-12-11 18:18:34,990 - __main__ - INFO - 🤖 Training enhanced models for Health_Personal_Care
2025-12-11 18:18:34,990 - __main__ - INFO - Ensemble weights (top 3 models):
2025-12-11 18:18:34,990 - __main__ - INFO -   XGBoost: weight=0.3385, MAPE=4.37%
2025-12-11 18:18:34,990 - __main__ - INFO -   LSTM: weight=0.3330, MAPE=4.44%
2025-12-11 18:18:34,991 - __main__ - INFO -   TCN: weight=0.3285, MAPE=4.50%
2025-12-11 18:18:35,469 - __main__ - INFO - ✅ Enhanced training completed for Health_Personal_Care
2025-12-11 18:18:35,469 - __main__ - INFO -    Best individual model MAPE: 4.37%
2025-12-11 18:18:35,469 - __main__ - INFO -    Ensemble MAPE: 3.87%
2025-12-11 18:18:35,469 - __main__ - INFO - 
==================== Total_Retail_Sales ====================
2025-12-11 18:18:35,479 - __main__ - INFO - 🤖 Training enhanced models for Total_Retail_Sales
2025-12-11 18:18:35,480 - __main__ - INFO - Ensemble weights (top 3 models):
2025-12-11 18:18:35,480 - __main__ - INFO -   XGBoost: weight=0.3385, MAPE=4.37%
2025-12-11 18:18:35,480 - __main__ - INFO -   LSTM: weight=0.3330, MAPE=4.44%
2025-12-11 18:18:35,480 - __main__ - INFO -   TCN: weight=0.3285, MAPE=4.50%
2025-12-11 18:18:35,828 - __main__ - INFO - ✅ Enhanced training completed for Total_Retail_Sales
2025-12-11 18:18:35,828 - __main__ - INFO -    Best individual model MAPE: 4.37%
2025-12-11 18:18:35,828 - __main__ - INFO -    Ensemble MAPE: 3.87%
2025-12-11 18:18:35,828 - __main__ - INFO - 
==================== Electronics_and_Appliances ====================
2025-12-11 18:18:35,837 - __main__ - INFO - 🤖 Training enhanced models for Electronics_and_Appliances
2025-12-11 18:18:35,837 - __main__ - INFO - Ensemble weights (top 3 models):
2025-12-11 18:18:35,837 - __main__ - INFO -   XGBoost: weight=0.3385, MAPE=4.37%
2025-12-11 18:18:35,837 - __main__ - INFO -   LSTM: weight=0.3330, MAPE=4.44%
2025-12-11 18:18:35,837 - __main__ - INFO -   TCN: weight=0.3285, MAPE=4.50%
2025-12-11 18:18:36,149 - __main__ - INFO - ✅ Enhanced training completed for Electronics_and_Appliances
2025-12-11 18:18:36,149 - __main__ - INFO -    Best individual model MAPE: 4.37%
2025-12-11 18:18:36,149 - __main__ - INFO -    Ensemble MAPE: 3.87%
2025-12-11 18:18:36,149 - __main__ - INFO - 
==================== Gasoline_Stations ====================
2025-12-11 18:18:36,158 - __main__ - INFO - 🤖 Training enhanced models for Gasoline_Stations
2025-12-11 18:18:36,159 - __main__ - INFO - Ensemble weights (top 3 models):
2025-12-11 18:18:36,159 - __main__ - INFO -   XGBoost: weight=0.3385, MAPE=4.37%
2025-12-11 18:18:36,159 - __main__ - INFO -   LSTM: weight=0.3330, MAPE=4.44%
2025-12-11 18:18:36,159 - __main__ - INFO -   TCN: weight=0.3285, MAPE=4.50%
2025-12-11 18:18:36,438 - __main__ - INFO - ✅ Enhanced training completed for Gasoline_Stations
2025-12-11 18:18:36,438 - __main__ - INFO -    Best individual model MAPE: 4.37%
2025-12-11 18:18:36,438 - __main__ - INFO -    Ensemble MAPE: 3.87%
2025-12-11 18:18:36,438 - __main__ - INFO - 
==================== Clothing_Accessories ====================
2025-12-11 18:18:36,447 - __main__ - INFO - 🤖 Training enhanced models for Clothing_Accessories
2025-12-11 18:18:36,447 - __main__ - INFO - Ensemble weights (top 3 models):
2025-12-11 18:18:36,447 - __main__ - INFO -   XGBoost: weight=0.3385, MAPE=4.37%
2025-12-11 18:18:36,447 - __main__ - INFO -   LSTM: weight=0.3330, MAPE=4.44%
2025-12-11 18:18:36,448 - __main__ - INFO -   TCN: weight=0.3285, MAPE=4.50%
2025-12-11 18:18:36,752 - __main__ - INFO - ✅ Enhanced training completed for Clothing_Accessories
2025-12-11 18:18:36,752 - __main__ - INFO -    Best individual model MAPE: 4.37%
2025-12-11 18:18:36,753 - __main__ - INFO -    Ensemble MAPE: 3.87%
2025-12-11 18:18:36,753 - __main__ - INFO - 
==================== Food_Beverage_Stores ====================
2025-12-11 18:18:36,761 - __main__ - INFO - 🤖 Training enhanced models for Food_Beverage_Stores
2025-12-11 18:18:36,762 - __main__ - INFO - Ensemble weights (top 3 models):
2025-12-11 18:18:36,762 - __main__ - INFO -   XGBoost: weight=0.3385, MAPE=4.37%
2025-12-11 18:18:36,762 - __main__ - INFO -   LSTM: weight=0.3330, MAPE=4.44%
2025-12-11 18:18:36,762 - __main__ - INFO -   TCN: weight=0.3285, MAPE=4.50%
2025-12-11 18:18:37,034 - __main__ - INFO - ✅ Enhanced training completed for Food_Beverage_Stores
2025-12-11 18:18:37,034 - __main__ - INFO -    Best individual model MAPE: 4.37%
2025-12-11 18:18:37,034 - __main__ - INFO -    Ensemble MAPE: 3.87%
2025-12-11 18:18:37,034 - __main__ - INFO - 
==================== Automobile_Dealers ====================
2025-12-11 18:18:37,043 - __main__ - INFO - 🤖 Training enhanced models for Automobile_Dealers
2025-12-11 18:18:37,043 - __main__ - INFO - Ensemble weights (top 3 models):
2025-12-11 18:18:37,043 - __main__ - INFO -   XGBoost: weight=0.3385, MAPE=4.37%
2025-12-11 18:18:37,043 - __main__ - INFO -   LSTM: weight=0.3330, MAPE=4.44%
2025-12-11 18:18:37,043 - __main__ - INFO -   TCN: weight=0.3285, MAPE=4.50%
2025-12-11 18:18:37,316 - __main__ - INFO - ✅ Enhanced training completed for Automobile_Dealers
2025-12-11 18:18:37,316 - __main__ - INFO -    Best individual model MAPE: 4.37%
2025-12-11 18:18:37,316 - __main__ - INFO -    Ensemble MAPE: 3.87%
2025-12-11 18:18:37,316 - __main__ - INFO - 
==================== General_Merchandise ====================
2025-12-11 18:18:37,325 - __main__ - INFO - 🤖 Training enhanced models for General_Merchandise
2025-12-11 18:18:37,325 - __main__ - INFO - Ensemble weights (top 3 models):
2025-12-11 18:18:37,325 - __main__ - INFO -   XGBoost: weight=0.3385, MAPE=4.37%
2025-12-11 18:18:37,325 - __main__ - INFO -   LSTM: weight=0.3330, MAPE=4.44%
2025-12-11 18:18:37,325 - __main__ - INFO -   TCN: weight=0.3285, MAPE=4.50%
2025-12-11 18:18:37,634 - __main__ - INFO - ✅ Enhanced training completed for General_Merchandise
2025-12-11 18:18:37,634 - __main__ - INFO -    Best individual model MAPE: 4.37%
2025-12-11 18:18:37,634 - __main__ - INFO -    Ensemble MAPE: 3.87%
2025-12-11 18:18:37,634 - __main__ - INFO - 
==================== Sporting_Goods_Hobby ====================
2025-12-11 18:18:37,643 - __main__ - INFO - 🤖 Training enhanced models for Sporting_Goods_Hobby
2025-12-11 18:18:37,643 - __main__ - INFO - Ensemble weights (top 3 models):
2025-12-11 18:18:37,643 - __main__ - INFO -   XGBoost: weight=0.3385, MAPE=4.37%
2025-12-11 18:18:37,643 - __main__ - INFO -   LSTM: weight=0.3330, MAPE=4.44%
2025-12-11 18:18:37,643 - __main__ - INFO -   TCN: weight=0.3285, MAPE=4.50%
2025-12-11 18:18:37,883 - __main__ - INFO - ✅ Enhanced training completed for Sporting_Goods_Hobby
2025-12-11 18:18:37,883 - __main__ - INFO -    Best individual model MAPE: 4.37%
2025-12-11 18:18:37,883 - __main__ - INFO -    Ensemble MAPE: 3.87%
2025-12-11 18:18:37,883 - __main__ - INFO - 
==================== Furniture_Home_Furnishings ====================
2025-12-11 18:18:37,892 - __main__ - INFO - 🤖 Training enhanced models for Furniture_Home_Furnishings
2025-12-11 18:18:37,892 - __main__ - INFO - Ensemble weights (top 3 models):
2025-12-11 18:18:37,892 - __main__ - INFO -   XGBoost: weight=0.3385, MAPE=4.37%
2025-12-11 18:18:37,892 - __main__ - INFO -   LSTM: weight=0.3330, MAPE=4.44%
2025-12-11 18:18:37,892 - __main__ - INFO -   TCN: weight=0.3285, MAPE=4.50%
2025-12-11 18:18:38,130 - __main__ - INFO - ✅ Enhanced training completed for Furniture_Home_Furnishings
2025-12-11 18:18:38,130 - __main__ - INFO -    Best individual model MAPE: 4.37%
2025-12-11 18:18:38,131 - __main__ - INFO -    Ensemble MAPE: 3.87%
2025-12-11 18:18:38,131 - __main__ - INFO - 
==================== Building_Materials_Garden ====================
2025-12-11 18:18:38,139 - __main__ - INFO - 🤖 Training enhanced models for Building_Materials_Garden
2025-12-11 18:18:38,140 - __main__ - INFO - Ensemble weights (top 3 models):
2025-12-11 18:18:38,140 - __main__ - INFO -   XGBoost: weight=0.3385, MAPE=4.37%
2025-12-11 18:18:38,140 - __main__ - INFO -   LSTM: weight=0.3330, MAPE=4.44%
2025-12-11 18:18:38,140 - __main__ - INFO -   TCN: weight=0.3285, MAPE=4.50%
2025-12-11 18:18:38,381 - __main__ - INFO - ✅ Enhanced training completed for Building_Materials_Garden
2025-12-11 18:18:38,381 - __main__ - INFO -    Best individual model MAPE: 4.37%
2025-12-11 18:18:38,381 - __main__ - INFO -    Ensemble MAPE: 3.87%
2025-12-11 18:18:38,381 - __main__ - INFO - 
==================== GENERATING DASHBOARD ====================
2025-12-11 18:18:38,381 - __main__ - INFO - 📊 Generating scoring dashboard...
2025-12-11 18:18:38,417 - __main__ - INFO - ✅ Scoring dashboard generated
2025-12-11 18:18:38,417 - __main__ - INFO -    Total plots: 157
2025-12-11 18:18:38,418 - __main__ - INFO -    Best ensemble MAPE: 3.87%
2025-12-11 18:18:38,418 - __main__ - INFO -    Average ensemble MAPE: 3.87%
2025-12-11 18:18:38,418 - __main__ - INFO - 
==================== RECONCILIATION ANALYSIS ====================
2025-12-11 18:18:38,418 - __main__ - INFO - 🔄 Running reconciliation analysis...
2025-12-11 18:18:38,442 - __main__ - INFO - ✅ Reconciliation analysis completed
2025-12-11 18:18:38,442 - __main__ - INFO -    Reconciliation MAPE: 258.55%
2025-12-11 18:18:38,442 - __main__ - INFO -    Bias: 258.84%
2025-12-11 18:18:38,442 - __main__ - INFO - 
================================================================================
2025-12-11 18:18:38,442 - __main__ - INFO - 🎉 ENHANCED TRAINING PIPELINE COMPLETED!
2025-12-11 18:18:38,442 - __main__ - INFO - ================================================================================
2025-12-11 18:18:38,442 - __main__ - INFO - ⏱️  Total duration: 0:00:03.603938
2025-12-11 18:18:38,442 - __main__ - INFO - 📁 Results saved in: /Users/olivialiau/retailPRED/results
2025-12-11 18:18:38,442 - __main__ - INFO - 📊 Plots saved in: /Users/olivialiau/retailPRED/results/plots
2025-12-11 18:18:38,442 - __main__ - INFO - 🔗 Dashboard summary: /Users/olivialiau/retailPRED/results/dashboard_summary.json
